!SESSION 2022-08-29 10:14:20.965 -----------------------------------------------
eclipse.buildId=4.24.0.I20220607-0700
java.version=17.0.4
java.vendor=Eclipse Adoptium
BootLoader constants: OS=win32, ARCH=x86_64, WS=win32, NL=en_US
Framework arguments:  -product org.eclipse.epp.package.java.product
Command-line arguments:  -os win32 -ws win32 -arch x86_64 -product org.eclipse.epp.package.java.product

!ENTRY org.eclipse.jface 2 0 2022-08-29 10:14:41.795
!MESSAGE Keybinding conflicts occurred.  They may interfere with normal accelerator operation.
!SUBENTRY 1 org.eclipse.jface 2 0 2022-08-29 10:14:41.795
!MESSAGE A conflict occurred for CTRL+SHIFT+T:
Binding(CTRL+SHIFT+T,
	ParameterizedCommand(Command(org.eclipse.jdt.ui.navigate.open.type,Open Type,
		Open a type in a Java editor,
		Category(org.eclipse.ui.category.navigate,Navigate,null,true),
		org.eclipse.ui.internal.WorkbenchHandlerServiceHandler@1b36d248,
		,,true),null),
	org.eclipse.ui.defaultAcceleratorConfiguration,
	org.eclipse.ui.contexts.window,,,system)
Binding(CTRL+SHIFT+T,
	ParameterizedCommand(Command(org.eclipse.lsp4e.symbolinworkspace,Go to Symbol in Workspace,
		,
		Category(org.eclipse.lsp4e.category,Language Servers,null,true),
		org.eclipse.ui.internal.WorkbenchHandlerServiceHandler@7e94de5f,
		,,true),null),
	org.eclipse.ui.defaultAcceleratorConfiguration,
	org.eclipse.ui.contexts.window,,,system)
!SUBENTRY 1 org.eclipse.jface 2 0 2022-08-29 10:14:41.795
!MESSAGE A conflict occurred for ALT+SHIFT+R:
Binding(ALT+SHIFT+R,
	ParameterizedCommand(Command(org.eclipse.jdt.ui.edit.text.java.rename.element,Rename - Refactoring ,
		Rename the selected element,
		Category(org.eclipse.jdt.ui.category.refactoring,Refactor - Java,Java Refactoring Actions,true),
		org.eclipse.ui.internal.WorkbenchHandlerServiceHandler@499c4d61,
		,,true),null),
	org.eclipse.ui.defaultAcceleratorConfiguration,
	org.eclipse.ui.contexts.window,,,system)
Binding(ALT+SHIFT+R,
	ParameterizedCommand(Command(org.eclipse.ui.edit.rename,Rename,
		Rename the selected item,
		Category(org.eclipse.ui.category.file,File,null,true),
		org.eclipse.ui.internal.WorkbenchHandlerServiceHandler@74badf19,
		,,true),null),
	org.eclipse.ui.defaultAcceleratorConfiguration,
	org.eclipse.ui.contexts.window,,,system)

!ENTRY org.eclipse.egit.ui 2 0 2022-08-29 10:14:50.376
!MESSAGE Warning: The environment variable HOME is not set. The following directory will be used to store the Git
user global configuration and to define the default location to store repositories: 'C:\Users\DR556567'. If this is
not correct please set the HOME environment variable and restart Eclipse. Otherwise Git for Windows and
EGit might behave differently since they see different configuration options.
This warning can be switched off on the Team > Git > Confirmations and Warnings preference page.
!SESSION 2022-08-31 10:54:00.256 -----------------------------------------------
eclipse.buildId=4.24.0.I20220607-0700
java.version=17.0.4
java.vendor=Eclipse Adoptium
BootLoader constants: OS=win32, ARCH=x86_64, WS=win32, NL=en_US
Framework arguments:  -product org.eclipse.epp.package.java.product
Command-line arguments:  -os win32 -ws win32 -arch x86_64 -product org.eclipse.epp.package.java.product

!ENTRY org.eclipse.jface 2 0 2022-08-31 10:54:47.998
!MESSAGE Keybinding conflicts occurred.  They may interfere with normal accelerator operation.
!SUBENTRY 1 org.eclipse.jface 2 0 2022-08-31 10:54:47.998
!MESSAGE A conflict occurred for CTRL+SHIFT+T:
Binding(CTRL+SHIFT+T,
	ParameterizedCommand(Command(org.eclipse.jdt.ui.navigate.open.type,Open Type,
		Open a type in a Java editor,
		Category(org.eclipse.ui.category.navigate,Navigate,null,true),
		org.eclipse.ui.internal.WorkbenchHandlerServiceHandler@4544ab46,
		,,true),null),
	org.eclipse.ui.defaultAcceleratorConfiguration,
	org.eclipse.ui.contexts.window,,,system)
Binding(CTRL+SHIFT+T,
	ParameterizedCommand(Command(org.eclipse.lsp4e.symbolinworkspace,Go to Symbol in Workspace,
		,
		Category(org.eclipse.lsp4e.category,Language Servers,null,true),
		org.eclipse.ui.internal.WorkbenchHandlerServiceHandler@2052f095,
		,,true),null),
	org.eclipse.ui.defaultAcceleratorConfiguration,
	org.eclipse.ui.contexts.window,,,system)
!SUBENTRY 1 org.eclipse.jface 2 0 2022-08-31 10:54:47.998
!MESSAGE A conflict occurred for ALT+SHIFT+R:
Binding(ALT+SHIFT+R,
	ParameterizedCommand(Command(org.eclipse.jdt.ui.edit.text.java.rename.element,Rename - Refactoring ,
		Rename the selected element,
		Category(org.eclipse.jdt.ui.category.refactoring,Refactor - Java,Java Refactoring Actions,true),
		org.eclipse.ui.internal.WorkbenchHandlerServiceHandler@76d1f6ea,
		,,true),null),
	org.eclipse.ui.defaultAcceleratorConfiguration,
	org.eclipse.ui.contexts.window,,,system)
Binding(ALT+SHIFT+R,
	ParameterizedCommand(Command(org.eclipse.ui.edit.rename,Rename,
		Rename the selected item,
		Category(org.eclipse.ui.category.file,File,null,true),
		org.eclipse.ui.internal.WorkbenchHandlerServiceHandler@55fe9c2f,
		,,true),null),
	org.eclipse.ui.defaultAcceleratorConfiguration,
	org.eclipse.ui.contexts.window,,,system)

!ENTRY org.eclipse.egit.ui 2 0 2022-08-31 10:54:52.942
!MESSAGE Warning: The environment variable HOME is not set. The following directory will be used to store the Git
user global configuration and to define the default location to store repositories: 'C:\Users\DR556567'. If this is
not correct please set the HOME environment variable and restart Eclipse. Otherwise Git for Windows and
EGit might behave differently since they see different configuration options.
This warning can be switched off on the Team > Git > Confirmations and Warnings preference page.
!SESSION 2022-09-02 10:03:47.357 -----------------------------------------------
eclipse.buildId=4.24.0.I20220607-0700
java.version=17.0.4
java.vendor=Eclipse Adoptium
BootLoader constants: OS=win32, ARCH=x86_64, WS=win32, NL=en_US
Framework arguments:  -product org.eclipse.epp.package.java.product
Command-line arguments:  -os win32 -ws win32 -arch x86_64 -product org.eclipse.epp.package.java.product

!ENTRY org.eclipse.jface 2 0 2022-09-02 10:04:07.500
!MESSAGE Keybinding conflicts occurred.  They may interfere with normal accelerator operation.
!SUBENTRY 1 org.eclipse.jface 2 0 2022-09-02 10:04:07.500
!MESSAGE A conflict occurred for CTRL+SHIFT+T:
Binding(CTRL+SHIFT+T,
	ParameterizedCommand(Command(org.eclipse.jdt.ui.navigate.open.type,Open Type,
		Open a type in a Java editor,
		Category(org.eclipse.ui.category.navigate,Navigate,null,true),
		org.eclipse.ui.internal.WorkbenchHandlerServiceHandler@4dad2363,
		,,true),null),
	org.eclipse.ui.defaultAcceleratorConfiguration,
	org.eclipse.ui.contexts.window,,,system)
Binding(CTRL+SHIFT+T,
	ParameterizedCommand(Command(org.eclipse.lsp4e.symbolinworkspace,Go to Symbol in Workspace,
		,
		Category(org.eclipse.lsp4e.category,Language Servers,null,true),
		org.eclipse.ui.internal.WorkbenchHandlerServiceHandler@114b2414,
		,,true),null),
	org.eclipse.ui.defaultAcceleratorConfiguration,
	org.eclipse.ui.contexts.window,,,system)
!SUBENTRY 1 org.eclipse.jface 2 0 2022-09-02 10:04:07.500
!MESSAGE A conflict occurred for ALT+SHIFT+R:
Binding(ALT+SHIFT+R,
	ParameterizedCommand(Command(org.eclipse.jdt.ui.edit.text.java.rename.element,Rename - Refactoring ,
		Rename the selected element,
		Category(org.eclipse.jdt.ui.category.refactoring,Refactor - Java,Java Refactoring Actions,true),
		org.eclipse.ui.internal.WorkbenchHandlerServiceHandler@57920d6c,
		,,true),null),
	org.eclipse.ui.defaultAcceleratorConfiguration,
	org.eclipse.ui.contexts.window,,,system)
Binding(ALT+SHIFT+R,
	ParameterizedCommand(Command(org.eclipse.ui.edit.rename,Rename,
		Rename the selected item,
		Category(org.eclipse.ui.category.file,File,null,true),
		org.eclipse.ui.internal.WorkbenchHandlerServiceHandler@465d1345,
		,,true),null),
	org.eclipse.ui.defaultAcceleratorConfiguration,
	org.eclipse.ui.contexts.window,,,system)

!ENTRY org.eclipse.egit.ui 2 0 2022-09-02 10:04:12.146
!MESSAGE Warning: The environment variable HOME is not set. The following directory will be used to store the Git
user global configuration and to define the default location to store repositories: 'C:\Users\DR556567'. If this is
not correct please set the HOME environment variable and restart Eclipse. Otherwise Git for Windows and
EGit might behave differently since they see different configuration options.
This warning can be switched off on the Team > Git > Confirmations and Warnings preference page.
!SESSION 2022-09-07 10:00:28.660 -----------------------------------------------
eclipse.buildId=4.24.0.I20220607-0700
java.version=17.0.4
java.vendor=Eclipse Adoptium
BootLoader constants: OS=win32, ARCH=x86_64, WS=win32, NL=en_US
Framework arguments:  -product org.eclipse.epp.package.java.product
Command-line arguments:  -os win32 -ws win32 -arch x86_64 -product org.eclipse.epp.package.java.product

!ENTRY org.eclipse.jface 2 0 2022-09-07 10:00:57.405
!MESSAGE Keybinding conflicts occurred.  They may interfere with normal accelerator operation.
!SUBENTRY 1 org.eclipse.jface 2 0 2022-09-07 10:00:57.405
!MESSAGE A conflict occurred for CTRL+SHIFT+T:
Binding(CTRL+SHIFT+T,
	ParameterizedCommand(Command(org.eclipse.jdt.ui.navigate.open.type,Open Type,
		Open a type in a Java editor,
		Category(org.eclipse.ui.category.navigate,Navigate,null,true),
		org.eclipse.ui.internal.WorkbenchHandlerServiceHandler@785ef70f,
		,,true),null),
	org.eclipse.ui.defaultAcceleratorConfiguration,
	org.eclipse.ui.contexts.window,,,system)
Binding(CTRL+SHIFT+T,
	ParameterizedCommand(Command(org.eclipse.lsp4e.symbolinworkspace,Go to Symbol in Workspace,
		,
		Category(org.eclipse.lsp4e.category,Language Servers,null,true),
		org.eclipse.ui.internal.WorkbenchHandlerServiceHandler@3d8bd881,
		,,true),null),
	org.eclipse.ui.defaultAcceleratorConfiguration,
	org.eclipse.ui.contexts.window,,,system)
!SUBENTRY 1 org.eclipse.jface 2 0 2022-09-07 10:00:57.405
!MESSAGE A conflict occurred for ALT+SHIFT+R:
Binding(ALT+SHIFT+R,
	ParameterizedCommand(Command(org.eclipse.jdt.ui.edit.text.java.rename.element,Rename - Refactoring ,
		Rename the selected element,
		Category(org.eclipse.jdt.ui.category.refactoring,Refactor - Java,Java Refactoring Actions,true),
		org.eclipse.ui.internal.WorkbenchHandlerServiceHandler@731ab49b,
		,,true),null),
	org.eclipse.ui.defaultAcceleratorConfiguration,
	org.eclipse.ui.contexts.window,,,system)
Binding(ALT+SHIFT+R,
	ParameterizedCommand(Command(org.eclipse.ui.edit.rename,Rename,
		Rename the selected item,
		Category(org.eclipse.ui.category.file,File,null,true),
		org.eclipse.ui.internal.WorkbenchHandlerServiceHandler@23358740,
		,,true),null),
	org.eclipse.ui.defaultAcceleratorConfiguration,
	org.eclipse.ui.contexts.window,,,system)

!ENTRY org.eclipse.egit.ui 2 0 2022-09-07 10:01:03.473
!MESSAGE Warning: The environment variable HOME is not set. The following directory will be used to store the Git
user global configuration and to define the default location to store repositories: 'C:\Users\DR556567'. If this is
not correct please set the HOME environment variable and restart Eclipse. Otherwise Git for Windows and
EGit might behave differently since they see different configuration options.
This warning can be switched off on the Team > Git > Confirmations and Warnings preference page.
!SESSION 2022-09-12 10:42:16.493 -----------------------------------------------
eclipse.buildId=4.24.0.I20220607-0700
java.version=17.0.4
java.vendor=Eclipse Adoptium
BootLoader constants: OS=win32, ARCH=x86_64, WS=win32, NL=en_US
Framework arguments:  -product org.eclipse.epp.package.java.product
Command-line arguments:  -os win32 -ws win32 -arch x86_64 -product org.eclipse.epp.package.java.product

!ENTRY org.eclipse.jface 2 0 2022-09-12 10:42:38.667
!MESSAGE Keybinding conflicts occurred.  They may interfere with normal accelerator operation.
!SUBENTRY 1 org.eclipse.jface 2 0 2022-09-12 10:42:38.667
!MESSAGE A conflict occurred for CTRL+SHIFT+T:
Binding(CTRL+SHIFT+T,
	ParameterizedCommand(Command(org.eclipse.jdt.ui.navigate.open.type,Open Type,
		Open a type in a Java editor,
		Category(org.eclipse.ui.category.navigate,Navigate,null,true),
		org.eclipse.ui.internal.WorkbenchHandlerServiceHandler@17332039,
		,,true),null),
	org.eclipse.ui.defaultAcceleratorConfiguration,
	org.eclipse.ui.contexts.window,,,system)
Binding(CTRL+SHIFT+T,
	ParameterizedCommand(Command(org.eclipse.lsp4e.symbolinworkspace,Go to Symbol in Workspace,
		,
		Category(org.eclipse.lsp4e.category,Language Servers,null,true),
		org.eclipse.ui.internal.WorkbenchHandlerServiceHandler@776e7dfb,
		,,true),null),
	org.eclipse.ui.defaultAcceleratorConfiguration,
	org.eclipse.ui.contexts.window,,,system)
!SUBENTRY 1 org.eclipse.jface 2 0 2022-09-12 10:42:38.667
!MESSAGE A conflict occurred for ALT+SHIFT+R:
Binding(ALT+SHIFT+R,
	ParameterizedCommand(Command(org.eclipse.jdt.ui.edit.text.java.rename.element,Rename - Refactoring ,
		Rename the selected element,
		Category(org.eclipse.jdt.ui.category.refactoring,Refactor - Java,Java Refactoring Actions,true),
		org.eclipse.ui.internal.WorkbenchHandlerServiceHandler@71418a4a,
		,,true),null),
	org.eclipse.ui.defaultAcceleratorConfiguration,
	org.eclipse.ui.contexts.window,,,system)
Binding(ALT+SHIFT+R,
	ParameterizedCommand(Command(org.eclipse.ui.edit.rename,Rename,
		Rename the selected item,
		Category(org.eclipse.ui.category.file,File,null,true),
		org.eclipse.ui.internal.WorkbenchHandlerServiceHandler@67ecf7ed,
		,,true),null),
	org.eclipse.ui.defaultAcceleratorConfiguration,
	org.eclipse.ui.contexts.window,,,system)

!ENTRY org.eclipse.egit.ui 2 0 2022-09-12 10:42:44.529
!MESSAGE Warning: The environment variable HOME is not set. The following directory will be used to store the Git
user global configuration and to define the default location to store repositories: 'C:\Users\DR556567'. If this is
not correct please set the HOME environment variable and restart Eclipse. Otherwise Git for Windows and
EGit might behave differently since they see different configuration options.
This warning can be switched off on the Team > Git > Confirmations and Warnings preference page.
!SESSION 2022-09-12 13:13:21.863 -----------------------------------------------
eclipse.buildId=4.24.0.I20220607-0700
java.version=17.0.4
java.vendor=Eclipse Adoptium
BootLoader constants: OS=win32, ARCH=x86_64, WS=win32, NL=en_US
Framework arguments:  -product org.eclipse.epp.package.java.product
Command-line arguments:  -os win32 -ws win32 -arch x86_64 -product org.eclipse.epp.package.java.product

!ENTRY org.eclipse.core.resources 2 10035 2022-09-12 13:13:25.068
!MESSAGE The workspace exited with unsaved changes in the previous session; refreshing workspace to recover changes.

!ENTRY org.eclipse.core.resources 4 567 2022-09-12 13:13:28.029
!MESSAGE Workspace restored, but some problems occurred.
!SUBENTRY 1 org.eclipse.core.resources 4 567 2022-09-12 13:13:28.029
!MESSAGE Could not read metadata for '.org.eclipse.egit.core.cmp'.
!STACK 1
org.eclipse.core.internal.resources.ResourceException(/.org.eclipse.egit.core.cmp)[567]: java.lang.Exception: The project description file (.project) for '.org.eclipse.egit.core.cmp' is missing.  This file contains important information about the project.  The project will not function properly until this file is restored.
	at org.eclipse.core.internal.resources.ResourceException.provideStackTrace(ResourceException.java:42)
	at org.eclipse.core.internal.resources.ResourceException.<init>(ResourceException.java:38)
	at org.eclipse.core.internal.localstore.FileSystemResourceManager.read(FileSystemResourceManager.java:908)
	at org.eclipse.core.internal.resources.SaveManager.restoreMetaInfo(SaveManager.java:895)
	at org.eclipse.core.internal.resources.SaveManager.restoreMetaInfo(SaveManager.java:875)
	at org.eclipse.core.internal.resources.SaveManager.restore(SaveManager.java:731)
	at org.eclipse.core.internal.resources.SaveManager.startup(SaveManager.java:1587)
	at org.eclipse.core.internal.resources.Workspace.startup(Workspace.java:2547)
	at org.eclipse.core.internal.resources.Workspace.open(Workspace.java:2252)
	at org.eclipse.core.resources.ResourcesPlugin$WorkspaceInitCustomizer.addingService(ResourcesPlugin.java:525)
	at org.eclipse.core.resources.ResourcesPlugin$WorkspaceInitCustomizer.addingService(ResourcesPlugin.java:1)
	at org.osgi.util.tracker.ServiceTracker$Tracked.customizerAdding(ServiceTracker.java:943)
	at org.osgi.util.tracker.ServiceTracker$Tracked.customizerAdding(ServiceTracker.java:1)
	at org.osgi.util.tracker.AbstractTracked.trackAdding(AbstractTracked.java:256)
	at org.osgi.util.tracker.AbstractTracked.trackInitial(AbstractTracked.java:183)
	at org.osgi.util.tracker.ServiceTracker.open(ServiceTracker.java:321)
	at org.osgi.util.tracker.ServiceTracker.open(ServiceTracker.java:264)
	at org.eclipse.core.resources.ResourcesPlugin.start(ResourcesPlugin.java:499)
	at org.eclipse.osgi.internal.framework.BundleContextImpl$2.run(BundleContextImpl.java:818)
	at org.eclipse.osgi.internal.framework.BundleContextImpl$2.run(BundleContextImpl.java:1)
	at java.base/java.security.AccessController.doPrivileged(AccessController.java:569)
	at org.eclipse.osgi.internal.framework.BundleContextImpl.startActivator(BundleContextImpl.java:810)
	at org.eclipse.osgi.internal.framework.BundleContextImpl.start(BundleContextImpl.java:767)
	at org.eclipse.osgi.internal.framework.EquinoxBundle.startWorker0(EquinoxBundle.java:1032)
	at org.eclipse.osgi.internal.framework.EquinoxBundle$EquinoxModule.startWorker(EquinoxBundle.java:371)
	at org.eclipse.osgi.container.Module.doStart(Module.java:605)
	at org.eclipse.osgi.container.Module.start(Module.java:468)
	at org.eclipse.osgi.framework.util.SecureAction.start(SecureAction.java:513)
	at org.eclipse.osgi.internal.hooks.EclipseLazyStarter.postFindLocalClass(EclipseLazyStarter.java:117)
	at org.eclipse.osgi.internal.loader.classpath.ClasspathManager.findLocalClass(ClasspathManager.java:570)
	at org.eclipse.osgi.internal.loader.ModuleClassLoader.findLocalClass(ModuleClassLoader.java:335)
	at org.eclipse.osgi.internal.loader.BundleLoader.findLocalClass(BundleLoader.java:397)
	at org.eclipse.osgi.internal.loader.sources.SingleSourcePackage.loadClass(SingleSourcePackage.java:41)
	at org.eclipse.osgi.internal.loader.BundleLoader.findClass0(BundleLoader.java:496)
	at org.eclipse.osgi.internal.loader.BundleLoader.findClass(BundleLoader.java:416)
	at org.eclipse.osgi.internal.loader.ModuleClassLoader.loadClass(ModuleClassLoader.java:168)
	at java.base/java.lang.ClassLoader.loadClass(ClassLoader.java:520)
	at org.eclipse.ui.internal.ide.application.IDEApplication.start(IDEApplication.java:153)
	at org.eclipse.equinox.internal.app.EclipseAppHandle.run(EclipseAppHandle.java:203)
	at org.eclipse.core.runtime.internal.adaptor.EclipseAppLauncher.runApplication(EclipseAppLauncher.java:136)
	at org.eclipse.core.runtime.internal.adaptor.EclipseAppLauncher.start(EclipseAppLauncher.java:104)
	at org.eclipse.core.runtime.adaptor.EclipseStarter.run(EclipseStarter.java:402)
	at org.eclipse.core.runtime.adaptor.EclipseStarter.run(EclipseStarter.java:255)
	at java.base/jdk.internal.reflect.NativeMethodAccessorImpl.invoke0(Native Method)
	at java.base/jdk.internal.reflect.NativeMethodAccessorImpl.invoke(NativeMethodAccessorImpl.java:77)
	at java.base/jdk.internal.reflect.DelegatingMethodAccessorImpl.invoke(DelegatingMethodAccessorImpl.java:43)
	at java.base/java.lang.reflect.Method.invoke(Method.java:568)
	at org.eclipse.equinox.launcher.Main.invokeFramework(Main.java:659)
	at org.eclipse.equinox.launcher.Main.basicRun(Main.java:596)
	at org.eclipse.equinox.launcher.Main.run(Main.java:1467)
!SUBENTRY 2 org.eclipse.core.resources 4 567 2022-09-12 13:13:28.030
!MESSAGE The project description file (.project) for '.org.eclipse.egit.core.cmp' is missing.  This file contains important information about the project.  The project will not function properly until this file is restored.
!STACK 0
java.lang.Exception: The project description file (.project) for '.org.eclipse.egit.core.cmp' is missing.  This file contains important information about the project.  The project will not function properly until this file is restored.
	at org.eclipse.core.internal.resources.ResourceException.provideStackTrace(ResourceException.java:42)
	at org.eclipse.core.internal.resources.ResourceException.<init>(ResourceException.java:38)
	at org.eclipse.core.internal.localstore.FileSystemResourceManager.read(FileSystemResourceManager.java:908)
	at org.eclipse.core.internal.resources.SaveManager.restoreMetaInfo(SaveManager.java:895)
	at org.eclipse.core.internal.resources.SaveManager.restoreMetaInfo(SaveManager.java:875)
	at org.eclipse.core.internal.resources.SaveManager.restore(SaveManager.java:731)
	at org.eclipse.core.internal.resources.SaveManager.startup(SaveManager.java:1587)
	at org.eclipse.core.internal.resources.Workspace.startup(Workspace.java:2547)
	at org.eclipse.core.internal.resources.Workspace.open(Workspace.java:2252)
	at org.eclipse.core.resources.ResourcesPlugin$WorkspaceInitCustomizer.addingService(ResourcesPlugin.java:525)
	at org.eclipse.core.resources.ResourcesPlugin$WorkspaceInitCustomizer.addingService(ResourcesPlugin.java:1)
	at org.osgi.util.tracker.ServiceTracker$Tracked.customizerAdding(ServiceTracker.java:943)
	at org.osgi.util.tracker.ServiceTracker$Tracked.customizerAdding(ServiceTracker.java:1)
	at org.osgi.util.tracker.AbstractTracked.trackAdding(AbstractTracked.java:256)
	at org.osgi.util.tracker.AbstractTracked.trackInitial(AbstractTracked.java:183)
	at org.osgi.util.tracker.ServiceTracker.open(ServiceTracker.java:321)
	at org.osgi.util.tracker.ServiceTracker.open(ServiceTracker.java:264)
	at org.eclipse.core.resources.ResourcesPlugin.start(ResourcesPlugin.java:499)
	at org.eclipse.osgi.internal.framework.BundleContextImpl$2.run(BundleContextImpl.java:818)
	at org.eclipse.osgi.internal.framework.BundleContextImpl$2.run(BundleContextImpl.java:1)
	at java.base/java.security.AccessController.doPrivileged(AccessController.java:569)
	at org.eclipse.osgi.internal.framework.BundleContextImpl.startActivator(BundleContextImpl.java:810)
	at org.eclipse.osgi.internal.framework.BundleContextImpl.start(BundleContextImpl.java:767)
	at org.eclipse.osgi.internal.framework.EquinoxBundle.startWorker0(EquinoxBundle.java:1032)
	at org.eclipse.osgi.internal.framework.EquinoxBundle$EquinoxModule.startWorker(EquinoxBundle.java:371)
	at org.eclipse.osgi.container.Module.doStart(Module.java:605)
	at org.eclipse.osgi.container.Module.start(Module.java:468)
	at org.eclipse.osgi.framework.util.SecureAction.start(SecureAction.java:513)
	at org.eclipse.osgi.internal.hooks.EclipseLazyStarter.postFindLocalClass(EclipseLazyStarter.java:117)
	at org.eclipse.osgi.internal.loader.classpath.ClasspathManager.findLocalClass(ClasspathManager.java:570)
	at org.eclipse.osgi.internal.loader.ModuleClassLoader.findLocalClass(ModuleClassLoader.java:335)
	at org.eclipse.osgi.internal.loader.BundleLoader.findLocalClass(BundleLoader.java:397)
	at org.eclipse.osgi.internal.loader.sources.SingleSourcePackage.loadClass(SingleSourcePackage.java:41)
	at org.eclipse.osgi.internal.loader.BundleLoader.findClass0(BundleLoader.java:496)
	at org.eclipse.osgi.internal.loader.BundleLoader.findClass(BundleLoader.java:416)
	at org.eclipse.osgi.internal.loader.ModuleClassLoader.loadClass(ModuleClassLoader.java:168)
	at java.base/java.lang.ClassLoader.loadClass(ClassLoader.java:520)
	at org.eclipse.ui.internal.ide.application.IDEApplication.start(IDEApplication.java:153)
	at org.eclipse.equinox.internal.app.EclipseAppHandle.run(EclipseAppHandle.java:203)
	at org.eclipse.core.runtime.internal.adaptor.EclipseAppLauncher.runApplication(EclipseAppLauncher.java:136)
	at org.eclipse.core.runtime.internal.adaptor.EclipseAppLauncher.start(EclipseAppLauncher.java:104)
	at org.eclipse.core.runtime.adaptor.EclipseStarter.run(EclipseStarter.java:402)
	at org.eclipse.core.runtime.adaptor.EclipseStarter.run(EclipseStarter.java:255)
	at java.base/jdk.internal.reflect.NativeMethodAccessorImpl.invoke0(Native Method)
	at java.base/jdk.internal.reflect.NativeMethodAccessorImpl.invoke(NativeMethodAccessorImpl.java:77)
	at java.base/jdk.internal.reflect.DelegatingMethodAccessorImpl.invoke(DelegatingMethodAccessorImpl.java:43)
	at java.base/java.lang.reflect.Method.invoke(Method.java:568)
	at org.eclipse.equinox.launcher.Main.invokeFramework(Main.java:659)
	at org.eclipse.equinox.launcher.Main.basicRun(Main.java:596)
	at org.eclipse.equinox.launcher.Main.run(Main.java:1467)

!ENTRY org.eclipse.jface 2 0 2022-09-12 13:13:30.198
!MESSAGE Keybinding conflicts occurred.  They may interfere with normal accelerator operation.
!SUBENTRY 1 org.eclipse.jface 2 0 2022-09-12 13:13:30.198
!MESSAGE A conflict occurred for CTRL+SHIFT+T:
Binding(CTRL+SHIFT+T,
	ParameterizedCommand(Command(org.eclipse.jdt.ui.navigate.open.type,Open Type,
		Open a type in a Java editor,
		Category(org.eclipse.ui.category.navigate,Navigate,null,true),
		org.eclipse.ui.internal.WorkbenchHandlerServiceHandler@4e030feb,
		,,true),null),
	org.eclipse.ui.defaultAcceleratorConfiguration,
	org.eclipse.ui.contexts.window,,,system)
Binding(CTRL+SHIFT+T,
	ParameterizedCommand(Command(org.eclipse.lsp4e.symbolinworkspace,Go to Symbol in Workspace,
		,
		Category(org.eclipse.lsp4e.category,Language Servers,null,true),
		org.eclipse.ui.internal.WorkbenchHandlerServiceHandler@2411b935,
		,,true),null),
	org.eclipse.ui.defaultAcceleratorConfiguration,
	org.eclipse.ui.contexts.window,,,system)
!SUBENTRY 1 org.eclipse.jface 2 0 2022-09-12 13:13:30.198
!MESSAGE A conflict occurred for ALT+SHIFT+R:
Binding(ALT+SHIFT+R,
	ParameterizedCommand(Command(org.eclipse.jdt.ui.edit.text.java.rename.element,Rename - Refactoring ,
		Rename the selected element,
		Category(org.eclipse.jdt.ui.category.refactoring,Refactor - Java,Java Refactoring Actions,true),
		org.eclipse.ui.internal.WorkbenchHandlerServiceHandler@1425e531,
		,,true),null),
	org.eclipse.ui.defaultAcceleratorConfiguration,
	org.eclipse.ui.contexts.window,,,system)
Binding(ALT+SHIFT+R,
	ParameterizedCommand(Command(org.eclipse.ui.edit.rename,Rename,
		Rename the selected item,
		Category(org.eclipse.ui.category.file,File,null,true),
		org.eclipse.ui.internal.WorkbenchHandlerServiceHandler@194e78af,
		,,true),null),
	org.eclipse.ui.defaultAcceleratorConfiguration,
	org.eclipse.ui.contexts.window,,,system)

!ENTRY org.eclipse.egit.ui 2 0 2022-09-12 13:13:34.325
!MESSAGE Warning: The environment variable HOME is not set. The following directory will be used to store the Git
user global configuration and to define the default location to store repositories: 'C:\Users\d_rui'. If this is
not correct please set the HOME environment variable and restart Eclipse. Otherwise Git for Windows and
EGit might behave differently since they see different configuration options.
This warning can be switched off on the Team > Git > Confirmations and Warnings preference page.

!ENTRY org.eclipse.jdt.core 4 4 2022-09-12 13:13:36.595
!MESSAGE Exception while reading last build state for: P/Activity1
!STACK 1
org.eclipse.core.runtime.CoreException: Error reading last build state for project Activity1
	at org.eclipse.jdt.internal.core.JavaModelManager.readStateTimed(JavaModelManager.java:4120)
	at org.eclipse.jdt.internal.core.JavaModelManager.readState(JavaModelManager.java:4096)
	at org.eclipse.jdt.internal.core.JavaModelManager.getLastBuiltState(JavaModelManager.java:2264)
	at org.eclipse.jdt.internal.core.builder.JavaBuilder.getLastState(JavaBuilder.java:450)
	at org.eclipse.jdt.internal.core.builder.JavaBuilder.build(JavaBuilder.java:190)
	at org.eclipse.core.internal.events.BuildManager$2.run(BuildManager.java:1024)
	at org.eclipse.core.runtime.SafeRunner.run(SafeRunner.java:45)
	at org.eclipse.core.internal.events.BuildManager.basicBuild(BuildManager.java:254)
	at org.eclipse.core.internal.events.BuildManager.basicBuild(BuildManager.java:311)
	at org.eclipse.core.internal.events.BuildManager$1.run(BuildManager.java:400)
	at org.eclipse.core.runtime.SafeRunner.run(SafeRunner.java:45)
	at org.eclipse.core.internal.events.BuildManager.basicBuild(BuildManager.java:403)
	at org.eclipse.core.internal.events.BuildManager.basicBuildLoop(BuildManager.java:514)
	at org.eclipse.core.internal.events.BuildManager.basicBuildLoop(BuildManager.java:462)
	at org.eclipse.core.internal.events.BuildManager.build(BuildManager.java:544)
	at org.eclipse.core.internal.events.AutoBuildJob.doBuild(AutoBuildJob.java:161)
	at org.eclipse.core.internal.events.AutoBuildJob.run(AutoBuildJob.java:255)
	at org.eclipse.core.internal.jobs.Worker.run(Worker.java:63)
Caused by: org.eclipse.core.runtime.CoreException: Failed to init ct.sym for C:\Users\DR556567\.p2\pool\plugins\org.eclipse.justj.openjdk.hotspot.jre.full.win32.x86_64_17.0.4.v20220805-1047\jre\lib\jrt-fs.jar
	at org.eclipse.jdt.internal.core.builder.ClasspathJrtWithReleaseOption.<init>(ClasspathJrtWithReleaseOption.java:79)
	at org.eclipse.jdt.internal.core.builder.ClasspathLocation.forJrtSystem(ClasspathLocation.java:157)
	at org.eclipse.jdt.internal.core.builder.State.readBinaryLocations(State.java:419)
	at org.eclipse.jdt.internal.core.builder.State.read(State.java:306)
	at org.eclipse.jdt.internal.core.builder.JavaBuilder.readState(JavaBuilder.java:161)
	at org.eclipse.jdt.internal.core.JavaModelManager.readStateTimed(JavaModelManager.java:4115)
	... 17 more
Caused by: java.io.FileNotFoundException: File C:\Users\DR556567\.p2\pool\plugins\org.eclipse.justj.openjdk.hotspot.jre.full.win32.x86_64_17.0.4.v20220805-1047\jre\lib\ct.sym does not exist
	at org.eclipse.jdt.internal.compiler.util.CtSym.init(CtSym.java:127)
	at org.eclipse.jdt.internal.compiler.util.CtSym.<init>(CtSym.java:121)
	at org.eclipse.jdt.internal.compiler.util.JRTUtil.lambda$1(JRTUtil.java:136)
	at java.base/java.util.concurrent.ConcurrentHashMap.compute(ConcurrentHashMap.java:1916)
	at org.eclipse.jdt.internal.compiler.util.JRTUtil.getCtSym(JRTUtil.java:133)
	at org.eclipse.jdt.internal.core.builder.ClasspathJrtWithReleaseOption.<init>(ClasspathJrtWithReleaseOption.java:77)
	... 22 more
!SUBENTRY 1 org.eclipse.jdt.core 4 2 2022-09-12 13:13:36.595
!MESSAGE Error reading last build state for project Activity1
!STACK 1
org.eclipse.core.runtime.CoreException: Failed to init ct.sym for C:\Users\DR556567\.p2\pool\plugins\org.eclipse.justj.openjdk.hotspot.jre.full.win32.x86_64_17.0.4.v20220805-1047\jre\lib\jrt-fs.jar
	at org.eclipse.jdt.internal.core.builder.ClasspathJrtWithReleaseOption.<init>(ClasspathJrtWithReleaseOption.java:79)
	at org.eclipse.jdt.internal.core.builder.ClasspathLocation.forJrtSystem(ClasspathLocation.java:157)
	at org.eclipse.jdt.internal.core.builder.State.readBinaryLocations(State.java:419)
	at org.eclipse.jdt.internal.core.builder.State.read(State.java:306)
	at org.eclipse.jdt.internal.core.builder.JavaBuilder.readState(JavaBuilder.java:161)
	at org.eclipse.jdt.internal.core.JavaModelManager.readStateTimed(JavaModelManager.java:4115)
	at org.eclipse.jdt.internal.core.JavaModelManager.readState(JavaModelManager.java:4096)
	at org.eclipse.jdt.internal.core.JavaModelManager.getLastBuiltState(JavaModelManager.java:2264)
	at org.eclipse.jdt.internal.core.builder.JavaBuilder.getLastState(JavaBuilder.java:450)
	at org.eclipse.jdt.internal.core.builder.JavaBuilder.build(JavaBuilder.java:190)
	at org.eclipse.core.internal.events.BuildManager$2.run(BuildManager.java:1024)
	at org.eclipse.core.runtime.SafeRunner.run(SafeRunner.java:45)
	at org.eclipse.core.internal.events.BuildManager.basicBuild(BuildManager.java:254)
	at org.eclipse.core.internal.events.BuildManager.basicBuild(BuildManager.java:311)
	at org.eclipse.core.internal.events.BuildManager$1.run(BuildManager.java:400)
	at org.eclipse.core.runtime.SafeRunner.run(SafeRunner.java:45)
	at org.eclipse.core.internal.events.BuildManager.basicBuild(BuildManager.java:403)
	at org.eclipse.core.internal.events.BuildManager.basicBuildLoop(BuildManager.java:514)
	at org.eclipse.core.internal.events.BuildManager.basicBuildLoop(BuildManager.java:462)
	at org.eclipse.core.internal.events.BuildManager.build(BuildManager.java:544)
	at org.eclipse.core.internal.events.AutoBuildJob.doBuild(AutoBuildJob.java:161)
	at org.eclipse.core.internal.events.AutoBuildJob.run(AutoBuildJob.java:255)
	at org.eclipse.core.internal.jobs.Worker.run(Worker.java:63)
Caused by: java.io.FileNotFoundException: File C:\Users\DR556567\.p2\pool\plugins\org.eclipse.justj.openjdk.hotspot.jre.full.win32.x86_64_17.0.4.v20220805-1047\jre\lib\ct.sym does not exist
	at org.eclipse.jdt.internal.compiler.util.CtSym.init(CtSym.java:127)
	at org.eclipse.jdt.internal.compiler.util.CtSym.<init>(CtSym.java:121)
	at org.eclipse.jdt.internal.compiler.util.JRTUtil.lambda$1(JRTUtil.java:136)
	at java.base/java.util.concurrent.ConcurrentHashMap.compute(ConcurrentHashMap.java:1916)
	at org.eclipse.jdt.internal.compiler.util.JRTUtil.getCtSym(JRTUtil.java:133)
	at org.eclipse.jdt.internal.core.builder.ClasspathJrtWithReleaseOption.<init>(ClasspathJrtWithReleaseOption.java:77)
	... 22 more
!SUBENTRY 2 org.eclipse.jdt.core 4 0 2022-09-12 13:13:36.595
!MESSAGE Failed to init ct.sym for C:\Users\DR556567\.p2\pool\plugins\org.eclipse.justj.openjdk.hotspot.jre.full.win32.x86_64_17.0.4.v20220805-1047\jre\lib\jrt-fs.jar
!STACK 0
java.io.FileNotFoundException: File C:\Users\DR556567\.p2\pool\plugins\org.eclipse.justj.openjdk.hotspot.jre.full.win32.x86_64_17.0.4.v20220805-1047\jre\lib\ct.sym does not exist
	at org.eclipse.jdt.internal.compiler.util.CtSym.init(CtSym.java:127)
	at org.eclipse.jdt.internal.compiler.util.CtSym.<init>(CtSym.java:121)
	at org.eclipse.jdt.internal.compiler.util.JRTUtil.lambda$1(JRTUtil.java:136)
	at java.base/java.util.concurrent.ConcurrentHashMap.compute(ConcurrentHashMap.java:1916)
	at org.eclipse.jdt.internal.compiler.util.JRTUtil.getCtSym(JRTUtil.java:133)
	at org.eclipse.jdt.internal.core.builder.ClasspathJrtWithReleaseOption.<init>(ClasspathJrtWithReleaseOption.java:77)
	at org.eclipse.jdt.internal.core.builder.ClasspathLocation.forJrtSystem(ClasspathLocation.java:157)
	at org.eclipse.jdt.internal.core.builder.State.readBinaryLocations(State.java:419)
	at org.eclipse.jdt.internal.core.builder.State.read(State.java:306)
	at org.eclipse.jdt.internal.core.builder.JavaBuilder.readState(JavaBuilder.java:161)
	at org.eclipse.jdt.internal.core.JavaModelManager.readStateTimed(JavaModelManager.java:4115)
	at org.eclipse.jdt.internal.core.JavaModelManager.readState(JavaModelManager.java:4096)
	at org.eclipse.jdt.internal.core.JavaModelManager.getLastBuiltState(JavaModelManager.java:2264)
	at org.eclipse.jdt.internal.core.builder.JavaBuilder.getLastState(JavaBuilder.java:450)
	at org.eclipse.jdt.internal.core.builder.JavaBuilder.build(JavaBuilder.java:190)
	at org.eclipse.core.internal.events.BuildManager$2.run(BuildManager.java:1024)
	at org.eclipse.core.runtime.SafeRunner.run(SafeRunner.java:45)
	at org.eclipse.core.internal.events.BuildManager.basicBuild(BuildManager.java:254)
	at org.eclipse.core.internal.events.BuildManager.basicBuild(BuildManager.java:311)
	at org.eclipse.core.internal.events.BuildManager$1.run(BuildManager.java:400)
	at org.eclipse.core.runtime.SafeRunner.run(SafeRunner.java:45)
	at org.eclipse.core.internal.events.BuildManager.basicBuild(BuildManager.java:403)
	at org.eclipse.core.internal.events.BuildManager.basicBuildLoop(BuildManager.java:514)
	at org.eclipse.core.internal.events.BuildManager.basicBuildLoop(BuildManager.java:462)
	at org.eclipse.core.internal.events.BuildManager.build(BuildManager.java:544)
	at org.eclipse.core.internal.events.AutoBuildJob.doBuild(AutoBuildJob.java:161)
	at org.eclipse.core.internal.events.AutoBuildJob.run(AutoBuildJob.java:255)
	at org.eclipse.core.internal.jobs.Worker.run(Worker.java:63)

!ENTRY org.eclipse.jdt.core 4 4 2022-09-12 13:13:36.957
!MESSAGE Exception while reading last build state for: P/Hello
!STACK 1
org.eclipse.core.runtime.CoreException: Error reading last build state for project Hello
	at org.eclipse.jdt.internal.core.JavaModelManager.readStateTimed(JavaModelManager.java:4120)
	at org.eclipse.jdt.internal.core.JavaModelManager.readState(JavaModelManager.java:4096)
	at org.eclipse.jdt.internal.core.JavaModelManager.getLastBuiltState(JavaModelManager.java:2264)
	at org.eclipse.jdt.internal.core.builder.JavaBuilder.getLastState(JavaBuilder.java:450)
	at org.eclipse.jdt.internal.core.builder.JavaBuilder.build(JavaBuilder.java:190)
	at org.eclipse.core.internal.events.BuildManager$2.run(BuildManager.java:1024)
	at org.eclipse.core.runtime.SafeRunner.run(SafeRunner.java:45)
	at org.eclipse.core.internal.events.BuildManager.basicBuild(BuildManager.java:254)
	at org.eclipse.core.internal.events.BuildManager.basicBuild(BuildManager.java:311)
	at org.eclipse.core.internal.events.BuildManager$1.run(BuildManager.java:400)
	at org.eclipse.core.runtime.SafeRunner.run(SafeRunner.java:45)
	at org.eclipse.core.internal.events.BuildManager.basicBuild(BuildManager.java:403)
	at org.eclipse.core.internal.events.BuildManager.basicBuildLoop(BuildManager.java:514)
	at org.eclipse.core.internal.events.BuildManager.basicBuildLoop(BuildManager.java:462)
	at org.eclipse.core.internal.events.BuildManager.build(BuildManager.java:544)
	at org.eclipse.core.internal.events.AutoBuildJob.doBuild(AutoBuildJob.java:161)
	at org.eclipse.core.internal.events.AutoBuildJob.run(AutoBuildJob.java:255)
	at org.eclipse.core.internal.jobs.Worker.run(Worker.java:63)
Caused by: org.eclipse.core.runtime.CoreException: Failed to init ct.sym for C:\Users\DR556567\.p2\pool\plugins\org.eclipse.justj.openjdk.hotspot.jre.full.win32.x86_64_17.0.4.v20220805-1047\jre\lib\jrt-fs.jar
	at org.eclipse.jdt.internal.core.builder.ClasspathJrtWithReleaseOption.<init>(ClasspathJrtWithReleaseOption.java:79)
	at org.eclipse.jdt.internal.core.builder.ClasspathLocation.forJrtSystem(ClasspathLocation.java:157)
	at org.eclipse.jdt.internal.core.builder.State.readBinaryLocations(State.java:419)
	at org.eclipse.jdt.internal.core.builder.State.read(State.java:306)
	at org.eclipse.jdt.internal.core.builder.JavaBuilder.readState(JavaBuilder.java:161)
	at org.eclipse.jdt.internal.core.JavaModelManager.readStateTimed(JavaModelManager.java:4115)
	... 17 more
Caused by: java.io.FileNotFoundException: File C:\Users\DR556567\.p2\pool\plugins\org.eclipse.justj.openjdk.hotspot.jre.full.win32.x86_64_17.0.4.v20220805-1047\jre\lib\ct.sym does not exist
	at org.eclipse.jdt.internal.compiler.util.CtSym.init(CtSym.java:127)
	at org.eclipse.jdt.internal.compiler.util.CtSym.<init>(CtSym.java:121)
	at org.eclipse.jdt.internal.compiler.util.JRTUtil.lambda$1(JRTUtil.java:136)
	at java.base/java.util.concurrent.ConcurrentHashMap.compute(ConcurrentHashMap.java:1916)
	at org.eclipse.jdt.internal.compiler.util.JRTUtil.getCtSym(JRTUtil.java:133)
	at org.eclipse.jdt.internal.core.builder.ClasspathJrtWithReleaseOption.<init>(ClasspathJrtWithReleaseOption.java:77)
	... 22 more
!SUBENTRY 1 org.eclipse.jdt.core 4 2 2022-09-12 13:13:36.957
!MESSAGE Error reading last build state for project Hello
!STACK 1
org.eclipse.core.runtime.CoreException: Failed to init ct.sym for C:\Users\DR556567\.p2\pool\plugins\org.eclipse.justj.openjdk.hotspot.jre.full.win32.x86_64_17.0.4.v20220805-1047\jre\lib\jrt-fs.jar
	at org.eclipse.jdt.internal.core.builder.ClasspathJrtWithReleaseOption.<init>(ClasspathJrtWithReleaseOption.java:79)
	at org.eclipse.jdt.internal.core.builder.ClasspathLocation.forJrtSystem(ClasspathLocation.java:157)
	at org.eclipse.jdt.internal.core.builder.State.readBinaryLocations(State.java:419)
	at org.eclipse.jdt.internal.core.builder.State.read(State.java:306)
	at org.eclipse.jdt.internal.core.builder.JavaBuilder.readState(JavaBuilder.java:161)
	at org.eclipse.jdt.internal.core.JavaModelManager.readStateTimed(JavaModelManager.java:4115)
	at org.eclipse.jdt.internal.core.JavaModelManager.readState(JavaModelManager.java:4096)
	at org.eclipse.jdt.internal.core.JavaModelManager.getLastBuiltState(JavaModelManager.java:2264)
	at org.eclipse.jdt.internal.core.builder.JavaBuilder.getLastState(JavaBuilder.java:450)
	at org.eclipse.jdt.internal.core.builder.JavaBuilder.build(JavaBuilder.java:190)
	at org.eclipse.core.internal.events.BuildManager$2.run(BuildManager.java:1024)
	at org.eclipse.core.runtime.SafeRunner.run(SafeRunner.java:45)
	at org.eclipse.core.internal.events.BuildManager.basicBuild(BuildManager.java:254)
	at org.eclipse.core.internal.events.BuildManager.basicBuild(BuildManager.java:311)
	at org.eclipse.core.internal.events.BuildManager$1.run(BuildManager.java:400)
	at org.eclipse.core.runtime.SafeRunner.run(SafeRunner.java:45)
	at org.eclipse.core.internal.events.BuildManager.basicBuild(BuildManager.java:403)
	at org.eclipse.core.internal.events.BuildManager.basicBuildLoop(BuildManager.java:514)
	at org.eclipse.core.internal.events.BuildManager.basicBuildLoop(BuildManager.java:462)
	at org.eclipse.core.internal.events.BuildManager.build(BuildManager.java:544)
	at org.eclipse.core.internal.events.AutoBuildJob.doBuild(AutoBuildJob.java:161)
	at org.eclipse.core.internal.events.AutoBuildJob.run(AutoBuildJob.java:255)
	at org.eclipse.core.internal.jobs.Worker.run(Worker.java:63)
Caused by: java.io.FileNotFoundException: File C:\Users\DR556567\.p2\pool\plugins\org.eclipse.justj.openjdk.hotspot.jre.full.win32.x86_64_17.0.4.v20220805-1047\jre\lib\ct.sym does not exist
	at org.eclipse.jdt.internal.compiler.util.CtSym.init(CtSym.java:127)
	at org.eclipse.jdt.internal.compiler.util.CtSym.<init>(CtSym.java:121)
	at org.eclipse.jdt.internal.compiler.util.JRTUtil.lambda$1(JRTUtil.java:136)
	at java.base/java.util.concurrent.ConcurrentHashMap.compute(ConcurrentHashMap.java:1916)
	at org.eclipse.jdt.internal.compiler.util.JRTUtil.getCtSym(JRTUtil.java:133)
	at org.eclipse.jdt.internal.core.builder.ClasspathJrtWithReleaseOption.<init>(ClasspathJrtWithReleaseOption.java:77)
	... 22 more
!SUBENTRY 2 org.eclipse.jdt.core 4 0 2022-09-12 13:13:36.957
!MESSAGE Failed to init ct.sym for C:\Users\DR556567\.p2\pool\plugins\org.eclipse.justj.openjdk.hotspot.jre.full.win32.x86_64_17.0.4.v20220805-1047\jre\lib\jrt-fs.jar
!STACK 0
java.io.FileNotFoundException: File C:\Users\DR556567\.p2\pool\plugins\org.eclipse.justj.openjdk.hotspot.jre.full.win32.x86_64_17.0.4.v20220805-1047\jre\lib\ct.sym does not exist
	at org.eclipse.jdt.internal.compiler.util.CtSym.init(CtSym.java:127)
	at org.eclipse.jdt.internal.compiler.util.CtSym.<init>(CtSym.java:121)
	at org.eclipse.jdt.internal.compiler.util.JRTUtil.lambda$1(JRTUtil.java:136)
	at java.base/java.util.concurrent.ConcurrentHashMap.compute(ConcurrentHashMap.java:1916)
	at org.eclipse.jdt.internal.compiler.util.JRTUtil.getCtSym(JRTUtil.java:133)
	at org.eclipse.jdt.internal.core.builder.ClasspathJrtWithReleaseOption.<init>(ClasspathJrtWithReleaseOption.java:77)
	at org.eclipse.jdt.internal.core.builder.ClasspathLocation.forJrtSystem(ClasspathLocation.java:157)
	at org.eclipse.jdt.internal.core.builder.State.readBinaryLocations(State.java:419)
	at org.eclipse.jdt.internal.core.builder.State.read(State.java:306)
	at org.eclipse.jdt.internal.core.builder.JavaBuilder.readState(JavaBuilder.java:161)
	at org.eclipse.jdt.internal.core.JavaModelManager.readStateTimed(JavaModelManager.java:4115)
	at org.eclipse.jdt.internal.core.JavaModelManager.readState(JavaModelManager.java:4096)
	at org.eclipse.jdt.internal.core.JavaModelManager.getLastBuiltState(JavaModelManager.java:2264)
	at org.eclipse.jdt.internal.core.builder.JavaBuilder.getLastState(JavaBuilder.java:450)
	at org.eclipse.jdt.internal.core.builder.JavaBuilder.build(JavaBuilder.java:190)
	at org.eclipse.core.internal.events.BuildManager$2.run(BuildManager.java:1024)
	at org.eclipse.core.runtime.SafeRunner.run(SafeRunner.java:45)
	at org.eclipse.core.internal.events.BuildManager.basicBuild(BuildManager.java:254)
	at org.eclipse.core.internal.events.BuildManager.basicBuild(BuildManager.java:311)
	at org.eclipse.core.internal.events.BuildManager$1.run(BuildManager.java:400)
	at org.eclipse.core.runtime.SafeRunner.run(SafeRunner.java:45)
	at org.eclipse.core.internal.events.BuildManager.basicBuild(BuildManager.java:403)
	at org.eclipse.core.internal.events.BuildManager.basicBuildLoop(BuildManager.java:514)
	at org.eclipse.core.internal.events.BuildManager.basicBuildLoop(BuildManager.java:462)
	at org.eclipse.core.internal.events.BuildManager.build(BuildManager.java:544)
	at org.eclipse.core.internal.events.AutoBuildJob.doBuild(AutoBuildJob.java:161)
	at org.eclipse.core.internal.events.AutoBuildJob.run(AutoBuildJob.java:255)
	at org.eclipse.core.internal.jobs.Worker.run(Worker.java:63)

!ENTRY org.eclipse.jdt.core 4 4 2022-09-12 13:13:37.485
!MESSAGE Exception while reading last build state for: P/RectangleAct2
!STACK 1
org.eclipse.core.runtime.CoreException: Error reading last build state for project RectangleAct2
	at org.eclipse.jdt.internal.core.JavaModelManager.readStateTimed(JavaModelManager.java:4120)
	at org.eclipse.jdt.internal.core.JavaModelManager.readState(JavaModelManager.java:4096)
	at org.eclipse.jdt.internal.core.JavaModelManager.getLastBuiltState(JavaModelManager.java:2264)
	at org.eclipse.jdt.internal.core.builder.JavaBuilder.getLastState(JavaBuilder.java:450)
	at org.eclipse.jdt.internal.core.builder.JavaBuilder.build(JavaBuilder.java:190)
	at org.eclipse.core.internal.events.BuildManager$2.run(BuildManager.java:1024)
	at org.eclipse.core.runtime.SafeRunner.run(SafeRunner.java:45)
	at org.eclipse.core.internal.events.BuildManager.basicBuild(BuildManager.java:254)
	at org.eclipse.core.internal.events.BuildManager.basicBuild(BuildManager.java:311)
	at org.eclipse.core.internal.events.BuildManager$1.run(BuildManager.java:400)
	at org.eclipse.core.runtime.SafeRunner.run(SafeRunner.java:45)
	at org.eclipse.core.internal.events.BuildManager.basicBuild(BuildManager.java:403)
	at org.eclipse.core.internal.events.BuildManager.basicBuildLoop(BuildManager.java:514)
	at org.eclipse.core.internal.events.BuildManager.basicBuildLoop(BuildManager.java:462)
	at org.eclipse.core.internal.events.BuildManager.build(BuildManager.java:544)
	at org.eclipse.core.internal.events.AutoBuildJob.doBuild(AutoBuildJob.java:161)
	at org.eclipse.core.internal.events.AutoBuildJob.run(AutoBuildJob.java:255)
	at org.eclipse.core.internal.jobs.Worker.run(Worker.java:63)
Caused by: org.eclipse.core.runtime.CoreException: Failed to init ct.sym for C:\Users\DR556567\.p2\pool\plugins\org.eclipse.justj.openjdk.hotspot.jre.full.win32.x86_64_17.0.4.v20220805-1047\jre\lib\jrt-fs.jar
	at org.eclipse.jdt.internal.core.builder.ClasspathJrtWithReleaseOption.<init>(ClasspathJrtWithReleaseOption.java:79)
	at org.eclipse.jdt.internal.core.builder.ClasspathLocation.forJrtSystem(ClasspathLocation.java:157)
	at org.eclipse.jdt.internal.core.builder.State.readBinaryLocations(State.java:419)
	at org.eclipse.jdt.internal.core.builder.State.read(State.java:306)
	at org.eclipse.jdt.internal.core.builder.JavaBuilder.readState(JavaBuilder.java:161)
	at org.eclipse.jdt.internal.core.JavaModelManager.readStateTimed(JavaModelManager.java:4115)
	... 17 more
Caused by: java.io.FileNotFoundException: File C:\Users\DR556567\.p2\pool\plugins\org.eclipse.justj.openjdk.hotspot.jre.full.win32.x86_64_17.0.4.v20220805-1047\jre\lib\ct.sym does not exist
	at org.eclipse.jdt.internal.compiler.util.CtSym.init(CtSym.java:127)
	at org.eclipse.jdt.internal.compiler.util.CtSym.<init>(CtSym.java:121)
	at org.eclipse.jdt.internal.compiler.util.JRTUtil.lambda$1(JRTUtil.java:136)
	at java.base/java.util.concurrent.ConcurrentHashMap.compute(ConcurrentHashMap.java:1916)
	at org.eclipse.jdt.internal.compiler.util.JRTUtil.getCtSym(JRTUtil.java:133)
	at org.eclipse.jdt.internal.core.builder.ClasspathJrtWithReleaseOption.<init>(ClasspathJrtWithReleaseOption.java:77)
	... 22 more
!SUBENTRY 1 org.eclipse.jdt.core 4 2 2022-09-12 13:13:37.485
!MESSAGE Error reading last build state for project RectangleAct2
!STACK 1
org.eclipse.core.runtime.CoreException: Failed to init ct.sym for C:\Users\DR556567\.p2\pool\plugins\org.eclipse.justj.openjdk.hotspot.jre.full.win32.x86_64_17.0.4.v20220805-1047\jre\lib\jrt-fs.jar
	at org.eclipse.jdt.internal.core.builder.ClasspathJrtWithReleaseOption.<init>(ClasspathJrtWithReleaseOption.java:79)
	at org.eclipse.jdt.internal.core.builder.ClasspathLocation.forJrtSystem(ClasspathLocation.java:157)
	at org.eclipse.jdt.internal.core.builder.State.readBinaryLocations(State.java:419)
	at org.eclipse.jdt.internal.core.builder.State.read(State.java:306)
	at org.eclipse.jdt.internal.core.builder.JavaBuilder.readState(JavaBuilder.java:161)
	at org.eclipse.jdt.internal.core.JavaModelManager.readStateTimed(JavaModelManager.java:4115)
	at org.eclipse.jdt.internal.core.JavaModelManager.readState(JavaModelManager.java:4096)
	at org.eclipse.jdt.internal.core.JavaModelManager.getLastBuiltState(JavaModelManager.java:2264)
	at org.eclipse.jdt.internal.core.builder.JavaBuilder.getLastState(JavaBuilder.java:450)
	at org.eclipse.jdt.internal.core.builder.JavaBuilder.build(JavaBuilder.java:190)
	at org.eclipse.core.internal.events.BuildManager$2.run(BuildManager.java:1024)
	at org.eclipse.core.runtime.SafeRunner.run(SafeRunner.java:45)
	at org.eclipse.core.internal.events.BuildManager.basicBuild(BuildManager.java:254)
	at org.eclipse.core.internal.events.BuildManager.basicBuild(BuildManager.java:311)
	at org.eclipse.core.internal.events.BuildManager$1.run(BuildManager.java:400)
	at org.eclipse.core.runtime.SafeRunner.run(SafeRunner.java:45)
	at org.eclipse.core.internal.events.BuildManager.basicBuild(BuildManager.java:403)
	at org.eclipse.core.internal.events.BuildManager.basicBuildLoop(BuildManager.java:514)
	at org.eclipse.core.internal.events.BuildManager.basicBuildLoop(BuildManager.java:462)
	at org.eclipse.core.internal.events.BuildManager.build(BuildManager.java:544)
	at org.eclipse.core.internal.events.AutoBuildJob.doBuild(AutoBuildJob.java:161)
	at org.eclipse.core.internal.events.AutoBuildJob.run(AutoBuildJob.java:255)
	at org.eclipse.core.internal.jobs.Worker.run(Worker.java:63)
Caused by: java.io.FileNotFoundException: File C:\Users\DR556567\.p2\pool\plugins\org.eclipse.justj.openjdk.hotspot.jre.full.win32.x86_64_17.0.4.v20220805-1047\jre\lib\ct.sym does not exist
	at org.eclipse.jdt.internal.compiler.util.CtSym.init(CtSym.java:127)
	at org.eclipse.jdt.internal.compiler.util.CtSym.<init>(CtSym.java:121)
	at org.eclipse.jdt.internal.compiler.util.JRTUtil.lambda$1(JRTUtil.java:136)
	at java.base/java.util.concurrent.ConcurrentHashMap.compute(ConcurrentHashMap.java:1916)
	at org.eclipse.jdt.internal.compiler.util.JRTUtil.getCtSym(JRTUtil.java:133)
	at org.eclipse.jdt.internal.core.builder.ClasspathJrtWithReleaseOption.<init>(ClasspathJrtWithReleaseOption.java:77)
	... 22 more
!SUBENTRY 2 org.eclipse.jdt.core 4 0 2022-09-12 13:13:37.486
!MESSAGE Failed to init ct.sym for C:\Users\DR556567\.p2\pool\plugins\org.eclipse.justj.openjdk.hotspot.jre.full.win32.x86_64_17.0.4.v20220805-1047\jre\lib\jrt-fs.jar
!STACK 0
java.io.FileNotFoundException: File C:\Users\DR556567\.p2\pool\plugins\org.eclipse.justj.openjdk.hotspot.jre.full.win32.x86_64_17.0.4.v20220805-1047\jre\lib\ct.sym does not exist
	at org.eclipse.jdt.internal.compiler.util.CtSym.init(CtSym.java:127)
	at org.eclipse.jdt.internal.compiler.util.CtSym.<init>(CtSym.java:121)
	at org.eclipse.jdt.internal.compiler.util.JRTUtil.lambda$1(JRTUtil.java:136)
	at java.base/java.util.concurrent.ConcurrentHashMap.compute(ConcurrentHashMap.java:1916)
	at org.eclipse.jdt.internal.compiler.util.JRTUtil.getCtSym(JRTUtil.java:133)
	at org.eclipse.jdt.internal.core.builder.ClasspathJrtWithReleaseOption.<init>(ClasspathJrtWithReleaseOption.java:77)
	at org.eclipse.jdt.internal.core.builder.ClasspathLocation.forJrtSystem(ClasspathLocation.java:157)
	at org.eclipse.jdt.internal.core.builder.State.readBinaryLocations(State.java:419)
	at org.eclipse.jdt.internal.core.builder.State.read(State.java:306)
	at org.eclipse.jdt.internal.core.builder.JavaBuilder.readState(JavaBuilder.java:161)
	at org.eclipse.jdt.internal.core.JavaModelManager.readStateTimed(JavaModelManager.java:4115)
	at org.eclipse.jdt.internal.core.JavaModelManager.readState(JavaModelManager.java:4096)
	at org.eclipse.jdt.internal.core.JavaModelManager.getLastBuiltState(JavaModelManager.java:2264)
	at org.eclipse.jdt.internal.core.builder.JavaBuilder.getLastState(JavaBuilder.java:450)
	at org.eclipse.jdt.internal.core.builder.JavaBuilder.build(JavaBuilder.java:190)
	at org.eclipse.core.internal.events.BuildManager$2.run(BuildManager.java:1024)
	at org.eclipse.core.runtime.SafeRunner.run(SafeRunner.java:45)
	at org.eclipse.core.internal.events.BuildManager.basicBuild(BuildManager.java:254)
	at org.eclipse.core.internal.events.BuildManager.basicBuild(BuildManager.java:311)
	at org.eclipse.core.internal.events.BuildManager$1.run(BuildManager.java:400)
	at org.eclipse.core.runtime.SafeRunner.run(SafeRunner.java:45)
	at org.eclipse.core.internal.events.BuildManager.basicBuild(BuildManager.java:403)
	at org.eclipse.core.internal.events.BuildManager.basicBuildLoop(BuildManager.java:514)
	at org.eclipse.core.internal.events.BuildManager.basicBuildLoop(BuildManager.java:462)
	at org.eclipse.core.internal.events.BuildManager.build(BuildManager.java:544)
	at org.eclipse.core.internal.events.AutoBuildJob.doBuild(AutoBuildJob.java:161)
	at org.eclipse.core.internal.events.AutoBuildJob.run(AutoBuildJob.java:255)
	at org.eclipse.core.internal.jobs.Worker.run(Worker.java:63)
